#
# A fatal error has been detected by the Java Runtime Environment:
#
#  SIGSEGV (0xb) at pc=0x00000001230f0561, pid=15091, tid=775
#
# JRE version: Java(TM) SE Runtime Environment (8.0_51-b16) (build 1.8.0_51-b16)
# Java VM: Java HotSpot(TM) 64-Bit Server VM (25.51-b03 mixed mode bsd-amd64 compressed oops)
# Problematic frame:
# C  [libglass.dylib+0x15561]  GlassScreenDidChangeScreenParameters+0x21
#
# Failed to write core dump. Core dumps have been disabled. To enable core dumping, try "ulimit -c unlimited" before starting Java again
#
# If you would like to submit a bug report, please visit:
#   http://bugreport.java.com/bugreport/crash.jsp
#

---------------  T H R E A D  ---------------

Current thread is native thread

siginfo: si_signo: 11 (SIGSEGV), si_code: 1 (SEGV_MAPERR), si_addr: 0x0000000000000000

Registers:
RAX=0x0000000123122ac8, RBX=0x0000000000000000, RCX=0x0000000000000103, RDX=0x0000000000012068
RSP=0x00007fff56b34900, RBP=0x00007fff56b34910, RSI=0x00007fe386416ef0, RDI=0x0000000000000000
R8 =0x0000000000000040, R9 =0x00007fffeb241040, R10=0xffffffffffffffff, R11=0x0000000000012068
R12=0x0000000000000000, R13=0x00007fe38675eb70, R14=0x00007fe386770900, R15=0x0000000000000000
RIP=0x00000001230f0561, EFLAGS=0x0000000000010246, ERR=0x0000000000000004
  TRAPNO=0x000000000000000e

Top of Stack: (sp=0x00007fff56b34900)
0x00007fff56b34900:   00007fe38675ec30 00007fe386770900
0x00007fff56b34910:   00007fff56b34920 00007fffccbfe50c
0x00007fff56b34920:   00007fff56b34990 00007fffccbfe40b
0x00007fff56b34930:   00000001090e7a00 00007fffeb23c060
0x00007fff56b34940:   00000000c2000000 00007fffccbfe460
0x00007fff56b34950:   00007fffe7abc680 00007fe38675eb70
0x00007fff56b34960:   00007fe386770900 00007fff56b35158
0x00007fff56b34970:   00007fffe1a58040 00007fff56b34a60
0x00007fff56b34980:   00007fe38675eb70 00007fffcb303078
0x00007fff56b34990:   00007fff56b349d0 00007fffccbfe172
0x00007fff56b349a0:   00007fff56b34fa0 0000000000000000
0x00007fff56b349b0:   00007fffe1a58040 00007fff56b34a60
0x00007fff56b349c0:   00007fff56b35158 00007fffcb303078
0x00007fff56b349d0:   00007fff56b350f0 00007fffccbbb5a3
0x00007fff56b349e0:   00007fff56b34a00 00007fffccb7d8f0
0x00007fff56b349f0:   00007fe386529cb0 000000000000000d
0x00007fff56b34a00:   00007fe386509460 00007fffe7abdcb0
0x00007fff56b34a10:   0000000000000000 00007fe38790d048
0x00007fff56b34a20:   00007fe386509401 00007fe386627e40
0x00007fff56b34a30:   00007fffe7bf00e0 0000000000000000
0x00007fff56b34a40:   00007fe38675ec60 0000000000000000
0x00007fff56b34a50:   0000000000000000 00007fffe7afc900
0x00007fff56b34a60:   00007fff56b34fa0 0000000000000001
0x00007fff56b34a70:   0000000000000100 00007fffe7afde00
0x00007fff56b34a80:   00007fff56b34ea0 0000000000000000
0x00007fff56b34a90:   0000000000000100 00007fffccbb6200
0x00007fff56b34aa0:   000000000000000d 00007fe386529cb0
0x00007fff56b34ab0:   00007fe386529cb0 00007fffe7afde80
0x00007fff56b34ac0:   00007fe38640dec0 0000000000000001
0x00007fff56b34ad0:   00007fff56b35160 00007fffccbb5d69
0x00007fff56b34ae0:   00007fffe7befda0 00007fe38b71bbe1
0x00007fff56b34af0:   0000000000000001 0000000000000000 

Instructions: (pc=0x00000001230f0561)
0x00000001230f0541:   48 89 e5 41 56 53 48 8d 05 72 26 03 00 48 83 38
0x00000001230f0551:   00 48 89 fb 75 72 48 8d 05 6a 25 03 00 48 8b 30
0x00000001230f0561:   48 8b 03 48 8d 15 74 9a 01 00 48 8d 0d 2e 70 01
0x00000001230f0571:   00 48 89 df ff 90 88 03 00 00 48 8d 0d 3e 26 03 

Register to memory mapping:

RAX=0x0000000123122ac8: jScreenClass+0 in /Library/Java/JavaVirtualMachines/jdk1.8.0_51.jdk/Contents/Home/jre/lib/libglass.dylib at 0x00000001230db000
RBX=0x0000000000000000 is an unknown value
RCX=0x0000000000000103 is an unknown value
RDX=0x0000000000012068 is an unknown value
RSP=0x00007fff56b34900 is an unknown value
RBP=0x00007fff56b34910 is an unknown value
RSI=0x00007fe386416ef0 is a global jni handle
RDI=0x0000000000000000 is an unknown value
R8 =0x0000000000000040 is an unknown value
R9 =0x00007fffeb241040: __sFX+0x1c0 in /usr/lib/system/libsystem_c.dylib at 0x00007fffe2380000
R10=0xffffffffffffffff is an unknown value
R11=0x0000000000012068 is an unknown value
R12=0x0000000000000000 is an unknown value
R13=0x00007fe38675eb70 is an unknown value
R14=0x00007fe386770900 is an unknown value
R15=0x0000000000000000 is an unknown value


Stack: [0x00007fff56338000,0x00007fff56b38000],  sp=0x00007fff56b34900,  free space=8178k
Native frames: (J=compiled Java code, j=interpreted, Vv=VM code, C=native code)
C  [libglass.dylib+0x15561]  GlassScreenDidChangeScreenParameters+0x21
C  [CoreFoundation+0x9d50c]  __CFNOTIFICATIONCENTER_IS_CALLING_OUT_TO_AN_OBSERVER__+0xc
C  [CoreFoundation+0x9d40b]  _CFXRegistrationPost+0x1ab
C  [CoreFoundation+0x9d172]  ___CFXNotificationPost_block_invoke+0x32
C  [CoreFoundation+0x5a5a3]  -[_CFXNotificationRegistrar find:object:observer:enumerator:]+0x723
C  [CoreFoundation+0x595dc]  _CFXNotificationPost+0x25c
C  [Foundation+0x6997]  -[NSNotificationCenter postNotificationName:object:userInfo:]+0x42
C  [AppKit+0x3f0e8a]  -[NSApplication _reactToScreenInvalidationImmediately:]+0x18f
C  [AppKit+0x3f0cc7]  __44-[NSApplication _reactToScreenInvalidation:]_block_invoke+0x3b
C  [CoreFoundation+0xa721c]  __CFRUNLOOP_IS_CALLING_OUT_TO_A_BLOCK__+0xc
C  [CoreFoundation+0x88034]  __CFRunLoopDoBlocks+0x164
C  [CoreFoundation+0x87b76]  __CFRunLoopRun+0x756
C  [CoreFoundation+0x871c4]  CFRunLoopRunSpecific+0x1a4
C  [java+0x6463]  CreateExecutionEnvironment+0x367
C  [java+0x21ac]  JLI_Launch+0x7a0
C  [java+0x84c0]  main+0x65
C  [java+0x1a04]  start+0x34


---------------  P R O C E S S  ---------------

VM state:at safepoint (normal execution)

VM Mutex/Monitor currently owned by a thread:  ([mutex/lock_event])
[0x00007fe386701850] Threads_lock - owner thread: 0x00007fe387008800
[0x00007fe386701d50] Heap_lock - owner thread: 0x00007fe3868b9800

Heap:
 PSYoungGen      total 38400K, used 21903K [0x0000000795580000, 0x0000000798000000, 0x00000007c0000000)
  eden space 33280K, 50% used [0x0000000795580000,0x000000079660fd18,0x0000000797600000)
  from space 5120K, 96% used [0x0000000797b00000,0x0000000797fd4090,0x0000000798000000)
  to   space 5120K, 0% used [0x0000000797600000,0x0000000797600000,0x0000000797b00000)
 ParOldGen       total 87552K, used 14498K [0x0000000740000000, 0x0000000745580000, 0x0000000795580000)
  object space 87552K, 16% used [0x0000000740000000,0x0000000740e28b50,0x0000000745580000)
 Metaspace       used 16428K, capacity 17132K, committed 17408K, reserved 1064960K
  class space    used 2259K, capacity 2445K, committed 2560K, reserved 1048576K

Card table byte_map: [0x0000000119f69000,0x000000011a36a000] byte_map_base: 0x0000000116569000

Marking Bits: (ParMarkBitMap*) 0x000000010a8c27a0
 Begin Bits: [0x000000011a615000, 0x000000011c615000)
 End Bits:   [0x000000011c615000, 0x000000011e615000)

Polling page: 0x00000001091ba000

CodeCache: size=245760Kb used=5263Kb max_used=5263Kb free=240496Kb
 bounds [0x000000010af69000, 0x000000010b499000, 0x0000000119f69000]
 total_blobs=2455 nmethods=1790 adapters=578
 compilation: enabled

Compilation events (10 events):
Event: 146.243 Thread 0x00007fe386843000 1787       3       java.lang.invoke.MemberName::isField (7 bytes)
Event: 146.243 Thread 0x00007fe386843000 nmethod 1787 0x000000010b48c450 code [0x000000010b48c5c0, 0x000000010b48c830]
Event: 146.243 Thread 0x00007fe386843000 1788       3       java.lang.invoke.DirectMethodHandle::<init> (132 bytes)
Event: 146.244 Thread 0x00007fe386843000 nmethod 1788 0x000000010b48c910 code [0x000000010b48cbc0, 0x000000010b48e388]
Event: 146.254 Thread 0x00007fe386843000 1789       3       java.util.concurrent.atomic.AtomicInteger::incrementAndGet (14 bytes)
Event: 146.254 Thread 0x00007fe386843000 nmethod 1789 0x000000010b48ec10 code [0x000000010b48ed60, 0x000000010b48eeb0]
Event: 146.254 Thread 0x00007fe386843000 1790       3       sun.reflect.ReflectionFactory::copyConstructor (10 bytes)
Event: 146.254 Thread 0x00007fe386843000 nmethod 1790 0x000000010b48ef10 code [0x000000010b48f0a0, 0x000000010b48f488]
Event: 146.254 Thread 0x00007fe386843000 1791       3       java.lang.reflect.ReflectAccess::copyConstructor (5 bytes)
Event: 146.255 Thread 0x00007fe386843000 nmethod 1791 0x000000010b48f650 code [0x000000010b48f7c0, 0x000000010b48f9c8]

GC Heap History (4 events):
Event: 0.788 GC heap before
{Heap before GC invocations=1 (full 0):
 PSYoungGen      total 38400K, used 33280K [0x0000000795580000, 0x0000000798000000, 0x00000007c0000000)
  eden space 33280K, 100% used [0x0000000795580000,0x0000000797600000,0x0000000797600000)
  from space 5120K, 0% used [0x0000000797b00000,0x0000000797b00000,0x0000000798000000)
  to   space 5120K, 0% used [0x0000000797600000,0x0000000797600000,0x0000000797b00000)
 ParOldGen       total 87552K, used 0K [0x0000000740000000, 0x0000000745580000, 0x0000000795580000)
  object space 87552K, 0% used [0x0000000740000000,0x0000000740000000,0x0000000745580000)
 Metaspace       used 8716K, capacity 9050K, committed 9216K, reserved 1056768K
  class space    used 1068K, capacity 1158K, committed 1280K, reserved 1048576K
Event: 0.792 GC heap after
Heap after GC invocations=1 (full 0):
 PSYoungGen      total 38400K, used 2037K [0x0000000795580000, 0x0000000798000000, 0x00000007c0000000)
  eden space 33280K, 0% used [0x0000000795580000,0x0000000795580000,0x0000000797600000)
  from space 5120K, 39% used [0x0000000797600000,0x00000007977fd7b0,0x0000000797b00000)
  to   space 5120K, 0% used [0x0000000797b00000,0x0000000797b00000,0x0000000798000000)
 ParOldGen       total 87552K, used 8K [0x0000000740000000, 0x0000000745580000, 0x0000000795580000)
  object space 87552K, 0% used [0x0000000740000000,0x0000000740002000,0x0000000745580000)
 Metaspace       used 8716K, capacity 9050K, committed 9216K, reserved 1056768K
  class space    used 1068K, capacity 1158K, committed 1280K, reserved 1048576K
}
Event: 3.379 GC heap before
{Heap before GC invocations=2 (full 0):
 PSYoungGen      total 38400K, used 35317K [0x0000000795580000, 0x0000000798000000, 0x00000007c0000000)
  eden space 33280K, 100% used [0x0000000795580000,0x0000000797600000,0x0000000797600000)
  from space 5120K, 39% used [0x0000000797600000,0x00000007977fd7b0,0x0000000797b00000)
  to   space 5120K, 0% used [0x0000000797b00000,0x0000000797b00000,0x0000000798000000)
 ParOldGen       total 87552K, used 8K [0x0000000740000000, 0x0000000745580000, 0x0000000795580000)
  object space 87552K, 0% used [0x0000000740000000,0x0000000740002000,0x0000000745580000)
 Metaspace       used 15823K, capacity 16456K, committed 16512K, reserved 1062912K
  class space    used 2193K, capacity 2381K, committed 2432K, reserved 1048576K
Event: 3.395 GC heap after
Heap after GC invocations=2 (full 0):
 PSYoungGen      total 38400K, used 4944K [0x0000000795580000, 0x0000000798000000, 0x00000007c0000000)
  eden space 33280K, 0% used [0x0000000795580000,0x0000000795580000,0x0000000797600000)
  from space 5120K, 96% used [0x0000000797b00000,0x0000000797fd4090,0x0000000798000000)
  to   space 5120K, 0% used [0x0000000797600000,0x0000000797600000,0x0000000797b00000)
 ParOldGen       total 87552K, used 14498K [0x0000000740000000, 0x0000000745580000, 0x0000000795580000)
  object space 87552K, 16% used [0x0000000740000000,0x0000000740e28b50,0x0000000745580000)
 Metaspace       used 15823K, capacity 16456K, committed 16512K, reserved 1062912K
  class space    used 2193K, capacity 2381K, committed 2432K, reserved 1048576K
}

Deoptimization events (10 events):
Event: 1.196 Thread 0x00007fe3878ed800 Uncommon trap: reason=class_check action=maybe_recompile pc=0x000000010b08f0dc method=java.lang.String.equals(Ljava/lang/Object;)Z @ 8
Event: 1.741 Thread 0x00007fe3878ed800 Uncommon trap: reason=unstable_if action=reinterpret pc=0x000000010b1b6f60 method=java.lang.CharacterData.of(I)Ljava/lang/CharacterData; @ 4
Event: 3.399 Thread 0x00007fe3878ed800 Uncommon trap: reason=unstable_if action=reinterpret pc=0x000000010b2f2bbc method=jdk.internal.org.objectweb.asm.Type.getArgumentsAndReturnSizes(Ljava/lang/String;)I @ 47
Event: 5.859 Thread 0x00007fe3878ed800 Uncommon trap: reason=unstable_if action=reinterpret pc=0x000000010b3883b0 method=java.util.HashMap.isEmpty()Z @ 4
Event: 118.916 Thread 0x00007fe3878ed800 Uncommon trap: reason=unstable_if action=reinterpret pc=0x000000010b46d7cc method=com.sun.javafx.tk.quantum.GlassViewEventHandler.lambda$null$373(JIZI)Ljava/lang/Void; @ 25
Event: 146.236 Thread 0x00007fe3878ed800 Uncommon trap: reason=unstable_if action=reinterpret pc=0x000000010b4621d0 method=com.sun.javafx.tk.quantum.QuantumToolkit.runWithoutRenderLock(Ljava/util/function/Supplier;)Ljava/lang/Object; @ 8
Event: 146.253 Thread 0x00007fe3878ed800 Uncommon trap: reason=unstable_if action=reinterpret pc=0x000000010b46eaf0 method=com.sun.glass.ui.TouchInputSupport.notifyBeginTouchEvent(Lcom/sun/glass/ui/View;IZI)V @ 12
Event: 146.253 Thread 0x00007fe3878ed800 Uncommon trap: reason=unstable_if action=reinterpret pc=0x000000010b466b98 method=com.sun.glass.ui.TouchInputSupport.notifyNextTouchEvent(Lcom/sun/glass/ui/View;IJIIII)V @ 110
Event: 146.265 Thread 0x00007fe3878ed800 Uncommon trap: reason=null_check action=make_not_entrant pc=0x000000010b464b60 method=com.sun.glass.ui.mac.MacTouchInputSupport.notifyNextTouchEvent(Lcom/sun/glass/ui/View;IJIIII)V @ 57
Event: 146.265 Thread 0x00007fe3878ed800 Uncommon trap: reason=unstable_if action=reinterpret pc=0x000000010b468424 method=com.sun.glass.ui.TouchInputSupport.notifyBeginTouchEvent(Lcom/sun/glass/ui/View;IZI)V @ 4

Internal exceptions (10 events):
Event: 0.260 Thread 0x00007fe387805000 Exception <a 'java/lang/NullPointerException'> (0x00000007959225f8) thrown at [/Users/java_re/workspace/8-2-build-macosx-x86_64/jdk8u51/3951/hotspot/src/share/vm/interpreter/linkResolver.cpp, line 1178]
Event: 0.803 Thread 0x00007fe3878ed800 Exception <a 'java/lang/NullPointerException'> (0x0000000795658378) thrown at [/Users/java_re/workspace/8-2-build-macosx-x86_64/jdk8u51/3951/hotspot/src/share/vm/interpreter/linkResolver.cpp, line 1178]
Event: 0.803 Thread 0x00007fe3878ed800 Exception <a 'java/lang/NullPointerException'> (0x0000000795658378) thrown at [/Users/java_re/workspace/8-2-build-macosx-x86_64/jdk8u51/3951/hotspot/src/share/vm/prims/jvm.cpp, line 1386]
Event: 0.854 Thread 0x00007fe3878ed800 Exception <a 'java/lang/ArrayIndexOutOfBoundsException'> (0x0000000795808e58) thrown at [/Users/java_re/workspace/8-2-build-macosx-x86_64/jdk8u51/3951/hotspot/src/share/vm/runtime/sharedRuntime.cpp, line 605]
Event: 0.854 Thread 0x00007fe3878ed800 Exception <a 'java/lang/ArrayIndexOutOfBoundsException'> (0x0000000795809918) thrown at [/Users/java_re/workspace/8-2-build-macosx-x86_64/jdk8u51/3951/hotspot/src/share/vm/runtime/sharedRuntime.cpp, line 605]
Event: 0.854 Thread 0x00007fe3878ed800 Exception <a 'java/lang/ArrayIndexOutOfBoundsException'> (0x000000079580ac10) thrown at [/Users/java_re/workspace/8-2-build-macosx-x86_64/jdk8u51/3951/hotspot/src/share/vm/runtime/sharedRuntime.cpp, line 605]
Event: 0.876 Thread 0x00007fe3878ed800 Exception <a 'java/lang/UnsatisfiedLinkError': com.sun.media.jfxmediaimpl.NativeAudioClip.nacInit()Z> (0x0000000795866f98) thrown at [/Users/java_re/workspace/8-2-build-macosx-x86_64/jdk8u51/3951/hotspot/src/share/vm/prims/nativeLookup.cpp, line 378]
Event: 3.497 Thread 0x00007fe3878ed800 Exception <a 'java/lang/ArrayIndexOutOfBoundsException'> (0x0000000795b1af60) thrown at [/Users/java_re/workspace/8-2-build-macosx-x86_64/jdk8u51/3951/hotspot/src/share/vm/runtime/sharedRuntime.cpp, line 605]
Event: 146.253 Thread 0x00007fe3878ed800 Implicit null exception at 0x000000010b4667ab to 0x000000010b466b81
Event: 146.265 Thread 0x00007fe3878ed800 Implicit null exception at 0x000000010b464260 to 0x000000010b464b49

Events (10 events):
Event: 146.266 loading class java/util/IdentityHashMap$KeySet done
Event: 146.266 loading class java/util/IdentityHashMap$KeyIterator
Event: 146.266 loading class java/util/IdentityHashMap$IdentityHashMapIterator
Event: 146.266 loading class java/util/IdentityHashMap$IdentityHashMapIterator done
Event: 146.266 loading class java/util/IdentityHashMap$KeyIterator done
Event: 146.266 Thread 0x00007fe3878ed800 Thread added: 0x00007fe3878ed800
Event: 146.267 loading class com/sun/javafx/font/PrismFontFile
Event: 146.267 loading class com/sun/javafx/font/PrismFontFile done
Event: 146.267 Thread 0x00007fe3878ed800 Thread exited: 0x00007fe3878ed800
Event: 146.267 Thread 0x00007fe3868b9800 Thread exited: 0x00007fe3868b9800


Dynamic libraries:
0x00000000577ed000 	/System/Library/Frameworks/Cocoa.framework/Versions/A/Cocoa
0x00000000577ed000 	/System/Library/Frameworks/Security.framework/Versions/A/Security
0x00000000577ed000 	/System/Library/Frameworks/ApplicationServices.framework/Versions/A/ApplicationServices
0x00000000577ed000 	/usr/lib/libz.1.dylib
0x00000000577ed000 	/usr/lib/libSystem.B.dylib
0x00000000577ed000 	/usr/lib/libobjc.A.dylib
0x00000000577ed000 	/System/Library/Frameworks/CoreFoundation.framework/Versions/A/CoreFoundation
0x00000000577ed000 	/System/Library/Frameworks/Foundation.framework/Versions/C/Foundation
0x00000000577ed000 	/System/Library/Frameworks/AppKit.framework/Versions/C/AppKit
0x00000000577ed000 	/System/Library/Frameworks/CoreData.framework/Versions/A/CoreData
0x00000000577ed000 	/System/Library/PrivateFrameworks/RemoteViewServices.framework/Versions/A/RemoteViewServices
0x00000000577ed000 	/System/Library/PrivateFrameworks/UIFoundation.framework/Versions/A/UIFoundation
0x00000000577ed000 	/System/Library/PrivateFrameworks/DFRFoundation.framework/Versions/A/DFRFoundation
0x00000000577ed000 	/usr/lib/libenergytrace.dylib
0x00000000577ed000 	/System/Library/PrivateFrameworks/SkyLight.framework/Versions/A/SkyLight
0x00000000577ed000 	/System/Library/Frameworks/CoreGraphics.framework/Versions/A/CoreGraphics
0x00000000577ed000 	/usr/lib/libScreenReader.dylib
0x00000000577ed000 	/System/Library/Frameworks/Accelerate.framework/Versions/A/Accelerate
0x00000000577ed000 	/System/Library/Frameworks/IOSurface.framework/Versions/A/IOSurface
0x00000000577ed000 	/System/Library/Frameworks/AudioToolbox.framework/Versions/A/AudioToolbox
0x00000000577ed000 	/System/Library/Frameworks/AudioUnit.framework/Versions/A/AudioUnit
0x00000000577ed000 	/System/Library/PrivateFrameworks/DataDetectorsCore.framework/Versions/A/DataDetectorsCore
0x00000000577ed000 	/System/Library/PrivateFrameworks/DesktopServicesPriv.framework/Versions/A/DesktopServicesPriv
0x00000000577ed000 	/System/Library/Frameworks/Carbon.framework/Versions/A/Frameworks/HIToolbox.framework/Versions/A/HIToolbox
0x00000000577ed000 	/usr/lib/libicucore.A.dylib
0x00000000577ed000 	/System/Library/Frameworks/QuartzCore.framework/Versions/A/QuartzCore
0x00000000577ed000 	/System/Library/Frameworks/Carbon.framework/Versions/A/Frameworks/SpeechRecognition.framework/Versions/A/SpeechRecognition
0x00000000577ed000 	/usr/lib/libauto.dylib
0x00000000577ed000 	/usr/lib/libxml2.2.dylib
0x00000000577ed000 	/System/Library/PrivateFrameworks/CoreUI.framework/Versions/A/CoreUI
0x00000000577ed000 	/System/Library/Frameworks/CoreAudio.framework/Versions/A/CoreAudio
0x00000000577ed000 	/System/Library/Frameworks/DiskArbitration.framework/Versions/A/DiskArbitration
0x00000000577ed000 	/usr/lib/liblangid.dylib
0x00000000577ed000 	/System/Library/PrivateFrameworks/MultitouchSupport.framework/Versions/A/MultitouchSupport
0x00000000577ed000 	/System/Library/Frameworks/IOKit.framework/Versions/A/IOKit
0x00000000577ed000 	/usr/lib/libDiagnosticMessagesClient.dylib
0x00000000577ed000 	/System/Library/Frameworks/CoreServices.framework/Versions/A/CoreServices
0x00000000577ed000 	/System/Library/PrivateFrameworks/PerformanceAnalysis.framework/Versions/A/PerformanceAnalysis
0x00000000577ed000 	/System/Library/PrivateFrameworks/GenerationalStorage.framework/Versions/A/GenerationalStorage
0x00000000577ed000 	/System/Library/Frameworks/OpenGL.framework/Versions/A/OpenGL
0x00000000577ed000 	/System/Library/Frameworks/CoreImage.framework/Versions/A/CoreImage
0x00000000577ed000 	/System/Library/Frameworks/CoreText.framework/Versions/A/CoreText
0x00000000577ed000 	/System/Library/Frameworks/ImageIO.framework/Versions/A/ImageIO
0x00000000577ed000 	/System/Library/PrivateFrameworks/Backup.framework/Versions/A/Backup
0x00000000577ed000 	/usr/lib/libarchive.2.dylib
0x00000000577ed000 	/System/Library/Frameworks/CFNetwork.framework/Versions/A/CFNetwork
0x00000000577ed000 	/System/Library/Frameworks/SystemConfiguration.framework/Versions/A/SystemConfiguration
0x00000000577ed000 	/usr/lib/libCRFSuite.dylib
0x00000000577ed000 	/usr/lib/libc++.1.dylib
0x00000000577ed000 	/usr/lib/libc++abi.dylib
0x00000000577ed000 	/usr/lib/system/libcache.dylib
0x00000000577ed000 	/usr/lib/system/libcommonCrypto.dylib
0x00000000577ed000 	/usr/lib/system/libcompiler_rt.dylib
0x00000000577ed000 	/usr/lib/system/libcopyfile.dylib
0x00000000577ed000 	/usr/lib/system/libcorecrypto.dylib
0x00000000577ed000 	/usr/lib/system/libdispatch.dylib
0x00000000577ed000 	/usr/lib/system/libdyld.dylib
0x00000000577ed000 	/usr/lib/system/libkeymgr.dylib
0x00000000577ed000 	/usr/lib/system/liblaunch.dylib
0x00000000577ed000 	/usr/lib/system/libmacho.dylib
0x00000000577ed000 	/usr/lib/system/libquarantine.dylib
0x00000000577ed000 	/usr/lib/system/libremovefile.dylib
0x00000000577ed000 	/usr/lib/system/libsystem_asl.dylib
0x00000000577ed000 	/usr/lib/system/libsystem_blocks.dylib
0x00000000577ed000 	/usr/lib/system/libsystem_c.dylib
0x00000000577ed000 	/usr/lib/system/libsystem_configuration.dylib
0x00000000577ed000 	/usr/lib/system/libsystem_coreservices.dylib
0x00000000577ed000 	/usr/lib/system/libsystem_coretls.dylib
0x00000000577ed000 	/usr/lib/system/libsystem_dnssd.dylib
0x00000000577ed000 	/usr/lib/system/libsystem_info.dylib
0x00000000577ed000 	/usr/lib/system/libsystem_kernel.dylib
0x00000000577ed000 	/usr/lib/system/libsystem_m.dylib
0x00000000577ed000 	/usr/lib/system/libsystem_malloc.dylib
0x00000000577ed000 	/usr/lib/system/libsystem_network.dylib
0x00000000577ed000 	/usr/lib/system/libsystem_networkextension.dylib
0x00000000577ed000 	/usr/lib/system/libsystem_notify.dylib
0x00000000577ed000 	/usr/lib/system/libsystem_platform.dylib
0x00000000577ed000 	/usr/lib/system/libsystem_pthread.dylib
0x00000000577ed000 	/usr/lib/system/libsystem_sandbox.dylib
0x00000000577ed000 	/usr/lib/system/libsystem_secinit.dylib
0x00000000577ed000 	/usr/lib/system/libsystem_symptoms.dylib
0x00000000577ed000 	/usr/lib/system/libsystem_trace.dylib
0x00000000577ed000 	/usr/lib/system/libunwind.dylib
0x00000000577ed000 	/usr/lib/system/libxpc.dylib
0x00000000577ed000 	/usr/lib/libbsm.0.dylib
0x00000000577ed000 	/usr/lib/system/libkxld.dylib
0x00000000577ed000 	/usr/lib/libcoretls.dylib
0x00000000577ed000 	/usr/lib/libcoretls_cfhelpers.dylib
0x00000000577ed000 	/usr/lib/libOpenScriptingUtil.dylib
0x00000000577ed000 	/usr/lib/libpam.2.dylib
0x00000000577ed000 	/usr/lib/libsqlite3.dylib
0x00000000577ed000 	/usr/lib/libxar.1.dylib
0x00000000577ed000 	/usr/lib/libbz2.1.0.dylib
0x00000000577ed000 	/usr/lib/liblzma.5.dylib
0x00000000577ed000 	/usr/lib/libnetwork.dylib
0x00000000577ed000 	/usr/lib/libpcap.A.dylib
0x00000000577ed000 	/System/Library/Frameworks/CoreServices.framework/Versions/A/Frameworks/FSEvents.framework/Versions/A/FSEvents
0x00000000577ed000 	/System/Library/Frameworks/CoreServices.framework/Versions/A/Frameworks/CarbonCore.framework/Versions/A/CarbonCore
0x00000000577ed000 	/System/Library/Frameworks/CoreServices.framework/Versions/A/Frameworks/Metadata.framework/Versions/A/Metadata
0x00000000577ed000 	/System/Library/Frameworks/CoreServices.framework/Versions/A/Frameworks/OSServices.framework/Versions/A/OSServices
0x00000000577ed000 	/System/Library/Frameworks/CoreServices.framework/Versions/A/Frameworks/SearchKit.framework/Versions/A/SearchKit
0x00000000577ed000 	/System/Library/Frameworks/CoreServices.framework/Versions/A/Frameworks/AE.framework/Versions/A/AE
0x00000000577ed000 	/System/Library/Frameworks/CoreServices.framework/Versions/A/Frameworks/LaunchServices.framework/Versions/A/LaunchServices
0x00000000577ed000 	/System/Library/Frameworks/CoreServices.framework/Versions/A/Frameworks/DictionaryServices.framework/Versions/A/DictionaryServices
0x00000000577ed000 	/System/Library/Frameworks/CoreServices.framework/Versions/A/Frameworks/SharedFileList.framework/Versions/A/SharedFileList
0x00000000577ed000 	/System/Library/Frameworks/NetFS.framework/Versions/A/NetFS
0x00000000577ed000 	/System/Library/PrivateFrameworks/NetAuth.framework/Versions/A/NetAuth
0x00000000577ed000 	/System/Library/PrivateFrameworks/login.framework/Versions/A/Frameworks/loginsupport.framework/Versions/A/loginsupport
0x00000000577ed000 	/System/Library/PrivateFrameworks/TCC.framework/Versions/A/TCC
0x00000000577ed000 	/usr/lib/libmecabra.dylib
0x00000000577ed000 	/System/Library/Frameworks/ApplicationServices.framework/Versions/A/Frameworks/ATS.framework/Versions/A/ATS
0x00000000577ed000 	/System/Library/Frameworks/ApplicationServices.framework/Versions/A/Frameworks/ColorSync.framework/Versions/A/ColorSync
0x00000000577ed000 	/System/Library/Frameworks/ApplicationServices.framework/Versions/A/Frameworks/HIServices.framework/Versions/A/HIServices
0x00000000577ed000 	/System/Library/Frameworks/ApplicationServices.framework/Versions/A/Frameworks/LangAnalysis.framework/Versions/A/LangAnalysis
0x00000000577ed000 	/System/Library/Frameworks/ApplicationServices.framework/Versions/A/Frameworks/PrintCore.framework/Versions/A/PrintCore
0x00000000577ed000 	/System/Library/Frameworks/ApplicationServices.framework/Versions/A/Frameworks/QD.framework/Versions/A/QD
0x00000000577ed000 	/System/Library/Frameworks/ApplicationServices.framework/Versions/A/Frameworks/SpeechSynthesis.framework/Versions/A/SpeechSynthesis
0x00000000577ed000 	/System/Library/Frameworks/Accelerate.framework/Versions/A/Frameworks/vImage.framework/Versions/A/vImage
0x00000000577ed000 	/System/Library/Frameworks/Accelerate.framework/Versions/A/Frameworks/vecLib.framework/Versions/A/vecLib
0x00000000577ed000 	/System/Library/Frameworks/Accelerate.framework/Versions/A/Frameworks/vecLib.framework/Versions/A/libvDSP.dylib
0x00000000577ed000 	/System/Library/Frameworks/Accelerate.framework/Versions/A/Frameworks/vecLib.framework/Versions/A/libBNNS.dylib
0x00000000577ed000 	/System/Library/Frameworks/Accelerate.framework/Versions/A/Frameworks/vecLib.framework/Versions/A/libQuadrature.dylib
0x00000000577ed000 	/System/Library/Frameworks/Accelerate.framework/Versions/A/Frameworks/vecLib.framework/Versions/A/libvMisc.dylib
0x00000000577ed000 	/System/Library/Frameworks/Accelerate.framework/Versions/A/Frameworks/vecLib.framework/Versions/A/libLAPACK.dylib
0x00000000577ed000 	/System/Library/Frameworks/Accelerate.framework/Versions/A/Frameworks/vecLib.framework/Versions/A/libBLAS.dylib
0x00000000577ed000 	/System/Library/Frameworks/Accelerate.framework/Versions/A/Frameworks/vecLib.framework/Versions/A/libLinearAlgebra.dylib
0x00000000577ed000 	/System/Library/Frameworks/Accelerate.framework/Versions/A/Frameworks/vecLib.framework/Versions/A/libSparseBLAS.dylib
0x00000000577ed000 	/System/Library/Frameworks/ApplicationServices.framework/Versions/A/Frameworks/ATS.framework/Versions/A/Resources/libFontParser.dylib
0x00000000577ed000 	/System/Library/Frameworks/ApplicationServices.framework/Versions/A/Frameworks/ATS.framework/Versions/A/Resources/libFontRegistry.dylib
0x00000000577ed000 	/System/Library/Frameworks/ImageIO.framework/Versions/A/Resources/libJPEG.dylib
0x00000000577ed000 	/System/Library/Frameworks/ImageIO.framework/Versions/A/Resources/libTIFF.dylib
0x00000000577ed000 	/System/Library/Frameworks/ImageIO.framework/Versions/A/Resources/libPng.dylib
0x00000000577ed000 	/System/Library/Frameworks/ImageIO.framework/Versions/A/Resources/libGIF.dylib
0x00000000577ed000 	/System/Library/Frameworks/ImageIO.framework/Versions/A/Resources/libJP2.dylib
0x00000000577ed000 	/System/Library/Frameworks/ImageIO.framework/Versions/A/Resources/libRadiance.dylib
0x00000000577ed000 	/usr/lib/libcompression.dylib
0x00000000577ed000 	/System/Library/PrivateFrameworks/AppleJPEG.framework/Versions/A/AppleJPEG
0x00000000577ed000 	/usr/lib/libcups.2.dylib
0x00000000577ed000 	/System/Library/Frameworks/Kerberos.framework/Versions/A/Kerberos
0x00000000577ed000 	/System/Library/Frameworks/GSS.framework/Versions/A/GSS
0x00000000577ed000 	/usr/lib/libresolv.9.dylib
0x00000000577ed000 	/usr/lib/libiconv.2.dylib
0x00000000577ed000 	/System/Library/PrivateFrameworks/Heimdal.framework/Versions/A/Heimdal
0x00000000577ed000 	/usr/lib/libheimdal-asn1.dylib
0x00000000577ed000 	/System/Library/Frameworks/OpenDirectory.framework/Versions/A/OpenDirectory
0x00000000577ed000 	/System/Library/PrivateFrameworks/CommonAuth.framework/Versions/A/CommonAuth
0x00000000577ed000 	/System/Library/Frameworks/OpenDirectory.framework/Versions/A/Frameworks/CFOpenDirectory.framework/Versions/A/CFOpenDirectory
0x00000000577ed000 	/System/Library/Frameworks/SecurityFoundation.framework/Versions/A/SecurityFoundation
0x00000000577ed000 	/System/Library/PrivateFrameworks/LanguageModeling.framework/Versions/A/LanguageModeling
0x00000000577ed000 	/usr/lib/libmarisa.dylib
0x00000000577ed000 	/usr/lib/libChineseTokenizer.dylib
0x00000000577ed000 	/usr/lib/libcmph.dylib
0x00000000577ed000 	/System/Library/PrivateFrameworks/CoreEmoji.framework/Versions/A/CoreEmoji
0x00000000577ed000 	/System/Library/Frameworks/ServiceManagement.framework/Versions/A/ServiceManagement
0x00000000577ed000 	/usr/lib/libxslt.1.dylib
0x00000000577ed000 	/System/Library/Frameworks/Carbon.framework/Versions/A/Frameworks/Ink.framework/Versions/A/Ink
0x00000000577ed000 	/System/Library/PrivateFrameworks/TextureIO.framework/Versions/A/TextureIO
0x00000000577ed000 	/System/Library/Frameworks/Metal.framework/Versions/A/Metal
0x00000000577ed000 	/usr/lib/libate.dylib
0x00000000577ed000 	/System/Library/PrivateFrameworks/GPUCompiler.framework/libmetal_timestamp.dylib
0x00000000577ed000 	/System/Library/Frameworks/OpenGL.framework/Versions/A/Libraries/libCoreFSCache.dylib
0x00000000577ed000 	/System/Library/PrivateFrameworks/IOAccelerator.framework/Versions/A/IOAccelerator
0x00000000577ed000 	/System/Library/Frameworks/CoreVideo.framework/Versions/A/CoreVideo
0x00000000577ed000 	/usr/lib/libFosl_dynamic.dylib
0x00000000577ed000 	/System/Library/PrivateFrameworks/MetalPerformanceShaders.framework/Versions/A/MetalPerformanceShaders
0x00000000577ed000 	/System/Library/PrivateFrameworks/FaceCore.framework/Versions/A/FaceCore
0x00000000577ed000 	/System/Library/Frameworks/OpenCL.framework/Versions/A/OpenCL
0x00000000577ed000 	/System/Library/Frameworks/OpenGL.framework/Versions/A/Libraries/libGLU.dylib
0x00000000577ed000 	/System/Library/Frameworks/OpenGL.framework/Versions/A/Libraries/libGFXShared.dylib
0x00000000577ed000 	/System/Library/Frameworks/OpenGL.framework/Versions/A/Libraries/libGL.dylib
0x00000000577ed000 	/System/Library/Frameworks/OpenGL.framework/Versions/A/Libraries/libGLImage.dylib
0x00000000577ed000 	/System/Library/Frameworks/OpenGL.framework/Versions/A/Libraries/libCVMSPluginSupport.dylib
0x00000000577ed000 	/System/Library/Frameworks/OpenGL.framework/Versions/A/Libraries/libCoreVMClient.dylib
0x00000000577ed000 	/System/Library/PrivateFrameworks/CrashReporterSupport.framework/Versions/A/CrashReporterSupport
0x00000000577ed000 	/System/Library/PrivateFrameworks/Sharing.framework/Versions/A/Sharing
0x00000000577ed000 	/System/Library/PrivateFrameworks/IconServices.framework/Versions/A/IconServices
0x00000000577ed000 	/System/Library/PrivateFrameworks/ProtocolBuffer.framework/Versions/A/ProtocolBuffer
0x00000000577ed000 	/System/Library/PrivateFrameworks/Apple80211.framework/Versions/A/Apple80211
0x00000000577ed000 	/System/Library/Frameworks/CoreWLAN.framework/Versions/A/CoreWLAN
0x00000000577ed000 	/System/Library/PrivateFrameworks/CoreUtils.framework/Versions/A/CoreUtils
0x00000000577ed000 	/System/Library/Frameworks/IOBluetooth.framework/Versions/A/IOBluetooth
0x00000000577ed000 	/System/Library/PrivateFrameworks/CoreWiFi.framework/Versions/A/CoreWiFi
0x00000000577ed000 	/System/Library/Frameworks/CoreBluetooth.framework/Versions/A/CoreBluetooth
0x00000000577ed000 	/System/Library/Frameworks/CoreDisplay.framework/Versions/A/CoreDisplay
0x00000000577ed000 	/System/Library/PrivateFrameworks/IOPresentment.framework/Versions/A/IOPresentment
0x00000000577ed000 	/System/Library/PrivateFrameworks/DSExternalDisplay.framework/Versions/A/DSExternalDisplay
0x00000000577ed000 	/System/Library/PrivateFrameworks/DebugSymbols.framework/Versions/A/DebugSymbols
0x00000000577ed000 	/System/Library/PrivateFrameworks/CoreSymbolication.framework/Versions/A/CoreSymbolication
0x00000000577ed000 	/System/Library/PrivateFrameworks/Symbolication.framework/Versions/A/Symbolication
0x00000000577ed000 	/System/Library/PrivateFrameworks/AppleFSCompression.framework/Versions/A/AppleFSCompression
0x00000000577ed000 	/System/Library/PrivateFrameworks/SpeechRecognitionCore.framework/Versions/A/SpeechRecognitionCore
0x00000000577ed000 	/System/Library/PrivateFrameworks/ChunkingLibrary.framework/Versions/A/ChunkingLibrary
0x000000010a000000 	/Library/Java/JavaVirtualMachines/jdk1.8.0_51.jdk/Contents/Home/jre/lib/server/libjvm.dylib
0x00000000577ed000 	/usr/lib/libstdc++.6.dylib
0x0000000109177000 	/Library/Java/JavaVirtualMachines/jdk1.8.0_51.jdk/Contents/Home/jre/lib/libverify.dylib
0x0000000109185000 	/Library/Java/JavaVirtualMachines/jdk1.8.0_51.jdk/Contents/Home/jre/lib/libjava.dylib
0x00000001091c4000 	/Library/Java/JavaVirtualMachines/jdk1.8.0_51.jdk/Contents/Home/jre/lib/libzip.dylib
0x000000012031a000 	/System/Library/Frameworks/JavaVM.framework/Frameworks/JavaRuntimeSupport.framework/JavaRuntimeSupport
0x0000000120334000 	/System/Library/Frameworks/JavaVM.framework/Versions/A/Frameworks/JavaNativeFoundation.framework/Versions/A/JavaNativeFoundation
0x0000000109717000 	/System/Library/Frameworks/JavaVM.framework/Versions/A/JavaVM
0x00000000577ed000 	/System/Library/Frameworks/Carbon.framework/Versions/A/Carbon
0x0000000120349000 	/System/Library/PrivateFrameworks/JavaLaunching.framework/Versions/A/JavaLaunching
0x00000000577ed000 	/System/Library/Frameworks/Carbon.framework/Versions/A/Frameworks/CommonPanels.framework/Versions/A/CommonPanels
0x00000000577ed000 	/System/Library/Frameworks/Carbon.framework/Versions/A/Frameworks/Help.framework/Versions/A/Help
0x00000000577ed000 	/System/Library/Frameworks/Carbon.framework/Versions/A/Frameworks/ImageCapture.framework/Versions/A/ImageCapture
0x00000000577ed000 	/System/Library/Frameworks/Carbon.framework/Versions/A/Frameworks/OpenScripting.framework/Versions/A/OpenScripting
0x00000000577ed000 	/System/Library/Frameworks/Carbon.framework/Versions/A/Frameworks/Print.framework/Versions/A/Print
0x00000000577ed000 	/System/Library/Frameworks/Carbon.framework/Versions/A/Frameworks/SecurityHI.framework/Versions/A/SecurityHI
0x0000000121ce4000 	/Library/Java/JavaVirtualMachines/jdk1.8.0_51.jdk/Contents/Home/jre/lib/libprism_es2.dylib
0x0000000121d44000 	/System/Library/Frameworks/OpenGL.framework/Resources/GLEngine.bundle/GLEngine
0x00000000577ed000 	/System/Library/Frameworks/OpenGL.framework/Versions/A/Libraries/libGLProgrammability.dylib
0x0000000121f29000 	/System/Library/Extensions/AppleIntelSKLGraphicsGLDriver.bundle/Contents/MacOS/AppleIntelSKLGraphicsGLDriver
0x00000000577ed000 	/System/Library/PrivateFrameworks/GPUSupport.framework/Versions/A/Libraries/libGPUSupportMercury.dylib
0x0000000122cb8000 	/System/Library/Frameworks/OpenGL.framework/Resources//GLRendererFloat.bundle/GLRendererFloat
0x00000000577ed000 	/System/Library/Frameworks/OpenCL.framework/Versions/A/Libraries/libcldcpuengine.dylib
0x00000000577ed000 	/usr/lib/libcrypto.0.9.8.dylib
0x00000000577ed000 	/System/Library/PrivateFrameworks/TrustEvaluationAgent.framework/Versions/A/TrustEvaluationAgent
0x00000001230db000 	/Library/Java/JavaVirtualMachines/jdk1.8.0_51.jdk/Contents/Home/jre/lib/libglass.dylib
0x00000000577ed000 	/System/Library/PrivateFrameworks/CoreServicesInternal.framework/Versions/A/CoreServicesInternal
0x00000000577ed000 	/System/Library/CoreServices/RawCamera.bundle/Contents/MacOS/RawCamera
0x00000000577ed000 	/System/Library/Frameworks/Accelerate.framework/Versions/A/Frameworks/vImage.framework/Versions/A/Libraries/libCGInterfaces.dylib
0x00000000577ed000 	/System/Library/PrivateFrameworks/FamilyControls.framework/Versions/A/FamilyControls
0x00000000577ed000 	/System/Library/PrivateFrameworks/CommerceKit.framework/Versions/A/Frameworks/CommerceCore.framework/Versions/A/CommerceCore
0x00000000577ed000 	/System/Library/PrivateFrameworks/SystemAdministration.framework/Versions/A/SystemAdministration
0x00000000577ed000 	/System/Library/PrivateFrameworks/AppContainer.framework/Versions/A/AppContainer
0x00000000577ed000 	/System/Library/PrivateFrameworks/SecCodeWrapper.framework/Versions/A/SecCodeWrapper
0x00000000577ed000 	/System/Library/Frameworks/DirectoryService.framework/Versions/A/DirectoryService
0x00000000577ed000 	/System/Library/PrivateFrameworks/DiskImages.framework/Versions/A/DiskImages
0x00000000577ed000 	/System/Library/PrivateFrameworks/LoginUIKit.framework/Versions/A/Frameworks/LoginUICore.framework/Versions/A/LoginUICore
0x00000000577ed000 	/usr/lib/libCoreStorage.dylib
0x00000000577ed000 	/usr/lib/libcsfde.dylib
0x00000000577ed000 	/usr/lib/libodfde.dylib
0x00000000577ed000 	/System/Library/Frameworks/DiscRecording.framework/Versions/A/DiscRecording
0x00000000577ed000 	/usr/lib/libcurl.4.dylib
0x00000000577ed000 	/System/Library/PrivateFrameworks/MediaKit.framework/Versions/A/MediaKit
0x00000000577ed000 	/System/Library/PrivateFrameworks/ProtectedCloudStorage.framework/Versions/A/ProtectedCloudStorage
0x00000000577ed000 	/System/Library/PrivateFrameworks/EFILogin.framework/Versions/A/EFILogin
0x00000000577ed000 	/usr/lib/libutil.dylib
0x00000000577ed000 	/System/Library/Frameworks/LDAP.framework/Versions/A/LDAP
0x00000000577ed000 	/usr/lib/libsasl2.2.dylib
0x00000000577ed000 	/System/Library/PrivateFrameworks/CoreDaemon.framework/Versions/B/CoreDaemon
0x00000000577ed000 	/System/Library/PrivateFrameworks/AppleSRP.framework/Versions/A/AppleSRP
0x00000000577ed000 	/System/Library/PrivateFrameworks/APFS.framework/Versions/A/APFS
0x0000000125e63000 	/Library/Java/JavaVirtualMachines/jdk1.8.0_51.jdk/Contents/Home/jre/lib/libglib-lite.dylib
0x0000000125f89000 	/Library/Java/JavaVirtualMachines/jdk1.8.0_51.jdk/Contents/Home/jre/lib/libgstreamer-lite.dylib
0x000000012610c000 	/Library/Java/JavaVirtualMachines/jdk1.8.0_51.jdk/Contents/Home/jre/lib/libjfxmedia.dylib
0x000000012614d000 	/Library/Java/JavaVirtualMachines/jdk1.8.0_51.jdk/Contents/Home/jre/lib/libjfxmedia_avf.dylib
0x00000000577ed000 	/System/Library/Frameworks/AVFoundation.framework/Versions/A/AVFoundation
0x00000000577ed000 	/System/Library/Frameworks/CoreMedia.framework/Versions/A/CoreMedia
0x00000000577ed000 	/System/Library/Frameworks/MediaToolbox.framework/Versions/A/MediaToolbox
0x00000000577ed000 	/System/Library/Frameworks/AVFoundation.framework/Versions/A/Frameworks/AVFAudio.framework/Versions/A/AVFAudio
0x00000000577ed000 	/System/Library/Frameworks/VideoToolbox.framework/Versions/A/VideoToolbox
0x00000000577ed000 	/System/Library/PrivateFrameworks/IntlPreferences.framework/Versions/A/IntlPreferences
0x00000000577ed000 	/System/Library/Frameworks/CoreMediaIO.framework/Versions/A/CoreMediaIO
0x00000000577ed000 	/usr/lib/libspindump.dylib
0x00000000577ed000 	/usr/lib/libdscsym.dylib
0x00000000577ed000 	/System/Library/PrivateFrameworks/CoreAVCHD.framework/Versions/A/CoreAVCHD
0x00000000577ed000 	/System/Library/Frameworks/MediaAccessibility.framework/Versions/A/MediaAccessibility
0x00000000577ed000 	/System/Library/PrivateFrameworks/Mangrove.framework/Versions/A/Mangrove
0x00000000577ed000 	/System/Library/PrivateFrameworks/CoreAUC.framework/Versions/A/CoreAUC
0x00000000577ed000 	/System/Library/PrivateFrameworks/AppleVA.framework/Versions/A/AppleVA
0x00000000577ed000 	/System/Library/PrivateFrameworks/XPCService.framework/Versions/A/XPCService
0x00000000577ed000 	/System/Library/PrivateFrameworks/AppSandbox.framework/Versions/A/AppSandbox
0x00000000577ed000 	/usr/lib/libsandbox.1.dylib
0x00000000577ed000 	/usr/lib/libMatch.1.dylib
0x0000000126185000 	/Library/Java/JavaVirtualMachines/jdk1.8.0_51.jdk/Contents/Home/jre/lib/libjfxmedia_qtkit.dylib
0x00000000577ed000 	/System/Library/Frameworks/QTKit.framework/Versions/A/QTKit
0x00000000577ed000 	/System/Library/PrivateFrameworks/CoreMediaAuthoring.framework/Versions/A/CoreMediaAuthoring
0x0000000126194000 	/Library/Java/JavaVirtualMachines/jdk1.8.0_51.jdk/Contents/Home/jre/lib/libfxplugins.dylib
0x00000001261bf000 	/System/Library/Frameworks/VideoDecodeAcceleration.framework/Versions/A/VideoDecodeAcceleration
0x00000001261c5000 	/System/Library/Extensions/AppleHDA.kext/Contents/PlugIns/AppleHDAHALPlugIn.bundle/Contents/MacOS/AppleHDAHALPlugIn
0x00000001261f7000 	/System/Library/Components/CoreAudio.component/Contents/MacOS/CoreAudio
0x00000001263f5000 	/System/Library/Components/AudioCodecs.component/Contents/MacOS/AudioCodecs
0x0000000126a4b000 	/Library/Java/JavaVirtualMachines/jdk1.8.0_51.jdk/Contents/Home/jre/lib/libjavafx_font.dylib
0x000000012733d000 	/Library/Java/JavaVirtualMachines/jdk1.8.0_51.jdk/Contents/Home/jre/lib/libnio.dylib
0x000000012734d000 	/Library/Java/JavaVirtualMachines/jdk1.8.0_51.jdk/Contents/Home/jre/lib/./libnet.dylib
0x00000001273be000 	/Library/Java/JavaVirtualMachines/jdk1.8.0_51.jdk/Contents/Home/jre/lib/libjavafx_iio.dylib
0x00000000577ed000 	/System/Library/Frameworks/ApplicationServices.framework/Versions/A/Frameworks/ATS.framework/Versions/A/Resources/libTrueTypeScaler.dylib
0x000000012b3ec000 	/System/Library/Extensions/AppleIntelSKLGraphicsMTLDriver.bundle/Contents/MacOS/AppleIntelSKLGraphicsMTLDriver
0x00000000577ed000 	/System/Library/PrivateFrameworks/ViewBridge.framework/Versions/A/ViewBridge
0x000000012e17e000 	/Library/Java/JavaVirtualMachines/jdk1.8.0_51.jdk/Contents/Home/jre/lib/libprism_common.dylib

VM Arguments:
jvm_args: -Dfile.encoding=UTF-8 
java_command: /Users/james/Bitris/dist/run1030060128/bitris.jar
java_class_path (initial): /Users/james/Bitris/dist/run1030060128/bitris.jar
Launcher Type: SUN_STANDARD

Environment Variables:
PATH=/usr/bin:/bin:/usr/sbin:/sbin
LD_LIBRARY_PATH=/Library/Java/JavaVirtualMachines/jdk1.8.0_51.jdk/Contents/Home/jre/lib/amd64:/Library/Java/JavaVirtualMachines/jdk1.8.0_51.jdk/Contents/Home/jre/lib/i386:
SHELL=/bin/bash
DISPLAY=/private/tmp/com.apple.launchd.SdqdztvgYK/org.macosforge.xquartz:0

Signal Handlers:
SIGSEGV: [libjvm.dylib+0x58ef35], sa_mask[0]=11111111011111110111111111111111, sa_flags=SA_ONSTACK|SA_RESTART|SA_SIGINFO
SIGBUS: [libjvm.dylib+0x58ef35], sa_mask[0]=11111111011111110111111111111111, sa_flags=SA_RESTART|SA_SIGINFO
SIGFPE: [libjvm.dylib+0x46c028], sa_mask[0]=11111111011111110111111111111111, sa_flags=SA_RESTART|SA_SIGINFO
SIGPIPE: [libjvm.dylib+0x46c028], sa_mask[0]=11111111011111110111111111111111, sa_flags=SA_RESTART|SA_SIGINFO
SIGXFSZ: [libjvm.dylib+0x46c028], sa_mask[0]=11111111011111110111111111111111, sa_flags=SA_RESTART|SA_SIGINFO
SIGILL: [libjvm.dylib+0x46c028], sa_mask[0]=11111111011111110111111111111111, sa_flags=SA_RESTART|SA_SIGINFO
SIGUSR1: SIG_DFL, sa_mask[0]=00000000000000000000000000000000, sa_flags=none
SIGUSR2: [libjvm.dylib+0x46bb46], sa_mask[0]=00100000000000000000000000000000, sa_flags=SA_RESTART|SA_SIGINFO
SIGHUP: [libjvm.dylib+0x46a119], sa_mask[0]=11111111011111110111111111111111, sa_flags=SA_RESTART|SA_SIGINFO
SIGINT: SIG_IGN, sa_mask[0]=00000000000000000000000000000000, sa_flags=none
SIGTERM: [libjvm.dylib+0x46a119], sa_mask[0]=11111111011111110111111111111111, sa_flags=SA_RESTART|SA_SIGINFO
SIGQUIT: [libjvm.dylib+0x46a119], sa_mask[0]=11111111011111110111111111111111, sa_flags=SA_RESTART|SA_SIGINFO


---------------  S Y S T E M  ---------------

OS:Bsduname:Darwin 16.5.0 Darwin Kernel Version 16.5.0: Fri Mar  3 16:52:33 PST 2017; root:xnu-3789.51.2~3/RELEASE_X86_64 x86_64
rlimit: STACK 8192k, CORE 0k, NPROC 709, NOFILE 10240, AS infinity
load average:1.70 1.32 1.20

CPU:total 4 (2 cores per cpu, 2 threads per core) family 6 model 78 stepping 3, cmov, cx8, fxsr, mmx, sse, sse2, sse3, ssse3, sse4.1, sse4.2, popcnt, avx, avx2, aes, clmul, erms, 3dnowpref, lzcnt, ht, tsc, tscinvbit, bmi1, bmi2, adx

Memory: 4k page, physical 8388608k(540040k free)

/proc/meminfo:


vm_info: Java HotSpot(TM) 64-Bit Server VM (25.51-b03) for bsd-amd64 JRE (1.8.0_51-b16), built on Jun  8 2015 18:01:11 by "java_re" with gcc 4.2.1 (Based on Apple Inc. build 5658) (LLVM build 2336.11.00)

time: Sun May 14 14:47:56 2017
elapsed time: 146 seconds (0d 0h 2m 26s)

